<?xml version="1.0" encoding="UTF-8"?>
<robot generator="Robot 7.1 (Python 3.12.6 on darwin)" generated="2024-10-06T19:27:26.520663" rpa="false" schemaversion="5">
<suite id="s1" name="Src" source="/Users/petrparoubek/Projects/HID_test/src">
<suite id="s1-s1" name="Hash Directory" source="/Users/petrparoubek/Projects/HID_test/src/hash_directory.robot">
<test id="s1-s1-t1" name="Hash Directory Test With Wait" line="10">
<kw name="Load Hash Library" owner="wrapper">
<msg time="2024-10-06T19:27:26.532031" level="INFO">Libray loaded successfully.</msg>
<msg time="2024-10-06T19:27:26.532062" level="INFO">${lib} = &lt;CDLL '/Users/petrparoubek/Projects/QA_test/bin/mac/libhash.dylib', handle 86a14150 at 0x102069ac0&gt;</msg>
<var>${lib}</var>
<arg>${LIB_PATH}</arg>
<status status="PASS" start="2024-10-06T19:27:26.531089" elapsed="0.000983"/>
</kw>
<kw name="Hash Init" owner="wrapper">
<msg time="2024-10-06T19:27:26.532199" level="INFO">HashInit Return code: HASH_ERROR_OK.</msg>
<msg time="2024-10-06T19:27:26.532219" level="INFO">${result_init} = 0</msg>
<var>${result_init}</var>
<arg>${lib}</arg>
<status status="PASS" start="2024-10-06T19:27:26.532141" elapsed="0.000084"/>
</kw>
<kw name="Hash Directory" owner="wrapper">
<msg time="2024-10-06T19:27:26.532347" level="INFO">HashDirectory Return code: HASH_ERROR_OK, Operation ID: 1.</msg>
<msg time="2024-10-06T19:27:26.532375" level="INFO">${result} = 0</msg>
<msg time="2024-10-06T19:27:26.532385" level="INFO">${op_id} = 1</msg>
<var>${result}</var>
<var>${op_id}</var>
<arg>${lib}</arg>
<arg>${DIRECTORY_PATH}</arg>
<status status="PASS" start="2024-10-06T19:27:26.532273" elapsed="0.000118"/>
</kw>
<kw name="Hash Status" owner="wrapper">
<msg time="2024-10-06T19:27:26.532489" level="INFO">${status_code} = 0</msg>
<msg time="2024-10-06T19:27:26.532500" level="INFO">${op_running} = True</msg>
<var>${status_code}</var>
<var>${op_running}</var>
<arg>${lib}</arg>
<arg>${op_id}</arg>
<status status="PASS" start="2024-10-06T19:27:26.532431" elapsed="0.000074"/>
</kw>
<kw name="Waitfor Hash Directory" owner="operations">
<msg time="2024-10-06T19:27:27.302759" level="INFO">HashDirectory has finished.</msg>
<arg>${lib}</arg>
<arg>${op_id}</arg>
<status status="PASS" start="2024-10-06T19:27:26.532547" elapsed="0.770264"/>
</kw>
<kw name="Hash Terminate" owner="wrapper">
<msg time="2024-10-06T19:27:27.303078" level="INFO">HashTerminate Return code: HASH_ERROR_OK.</msg>
<arg>${lib}</arg>
<status status="PASS" start="2024-10-06T19:27:27.302958" elapsed="0.000130"/>
</kw>
<doc>Test hashing a directory and wait for the operation to complete.</doc>
<tag>Directory</tag>
<status status="PASS" start="2024-10-06T19:27:26.530798" elapsed="0.772358"/>
</test>
<test id="s1-s1-t2" name="Not Initialized Library For Hash Directory" line="22">
<kw name="Load Hash Library" owner="wrapper">
<msg time="2024-10-06T19:27:27.303553" level="INFO">Libray loaded successfully.</msg>
<msg time="2024-10-06T19:27:27.303578" level="INFO">${lib} = &lt;CDLL '/Users/petrparoubek/Projects/QA_test/bin/mac/libhash.dylib', handle 86a14150 at 0x10206b110&gt;</msg>
<var>${lib}</var>
<arg>${LIB_PATH}</arg>
<status status="PASS" start="2024-10-06T19:27:27.303416" elapsed="0.000169"/>
</kw>
<kw name="Hash Directory" owner="wrapper">
<msg time="2024-10-06T19:27:27.303664" level="INFO">HashDirectory Return code: HASH_ERROR_NOT_INITIALIZED, Operation ID: 0.</msg>
<msg time="2024-10-06T19:27:27.303684" level="INFO">${result} = 7</msg>
<msg time="2024-10-06T19:27:27.303692" level="INFO">${op_id} = 0</msg>
<var>${result}</var>
<var>${op_id}</var>
<arg>${lib}</arg>
<arg>${DIRECTORY_PATH}</arg>
<status status="PASS" start="2024-10-06T19:27:27.303619" elapsed="0.000078"/>
</kw>
<kw name="Waitfor Hash Directory" owner="operations">
<msg time="2024-10-06T19:27:27.303782" level="INFO">HashDirectory has finished.</msg>
<arg>${lib}</arg>
<arg>${op_id}</arg>
<status status="PASS" start="2024-10-06T19:27:27.303731" elapsed="0.000061"/>
</kw>
<kw name="Hash Terminate" owner="wrapper">
<msg time="2024-10-06T19:27:27.303854" level="INFO">HashTerminate Return code: HASH_ERROR_NOT_INITIALIZED.</msg>
<arg>${lib}</arg>
<status status="PASS" start="2024-10-06T19:27:27.303822" elapsed="0.000041"/>
</kw>
<kw name="Should Be Equal As Numbers" owner="BuiltIn">
<msg time="2024-10-06T19:27:27.303955" level="INFO">Argument types are:
&lt;class 'int'&gt;
&lt;class 'str'&gt;</msg>
<arg>${result}</arg>
<arg>7</arg>
<doc>Fails if objects are unequal after converting them to real numbers.</doc>
<status status="PASS" start="2024-10-06T19:27:27.303897" elapsed="0.000081"/>
</kw>
<doc>Test try hashing a directory and wait for the operation on not initialized library.</doc>
<tag>Directory</tag>
<status status="PASS" start="2024-10-06T19:27:27.303247" elapsed="0.000767"/>
</test>
<test id="s1-s1-t3" name="Null Argument Hash Directory" line="31">
<kw name="Load Hash Library" owner="wrapper">
<msg time="2024-10-06T19:27:27.304221" level="INFO">Libray loaded successfully.</msg>
<msg time="2024-10-06T19:27:27.304238" level="INFO">${lib} = &lt;CDLL '/Users/petrparoubek/Projects/QA_test/bin/mac/libhash.dylib', handle 86a14150 at 0x102078500&gt;</msg>
<var>${lib}</var>
<arg>${LIB_PATH}</arg>
<status status="PASS" start="2024-10-06T19:27:27.304168" elapsed="0.000076"/>
</kw>
<kw name="Hash Init" owner="wrapper">
<msg time="2024-10-06T19:27:27.304312" level="INFO">HashInit Return code: HASH_ERROR_OK.</msg>
<msg time="2024-10-06T19:27:27.304327" level="INFO">${result} = 0</msg>
<var>${result}</var>
<arg>${lib}</arg>
<status status="PASS" start="2024-10-06T19:27:27.304277" elapsed="0.000054"/>
</kw>
<kw name="Hash Directory" owner="wrapper">
<msg time="2024-10-06T19:27:27.304469" level="FAIL">Cannot set variables: Expected list-like value, got integer.</msg>
<var>${result}</var>
<var>${op_id}</var>
<arg>${lib}</arg>
<arg>${Null}</arg>
<status status="FAIL" start="2024-10-06T19:27:27.304363" elapsed="0.000118">Cannot set variables: Expected list-like value, got integer.</status>
</kw>
<kw name="Waitfor Hash Directory" owner="operations">
<arg>${lib}</arg>
<arg>${op_id}</arg>
<status status="NOT RUN" start="2024-10-06T19:27:27.304526" elapsed="0.000006"/>
</kw>
<kw name="Should Be Equal As Numbers" owner="BuiltIn">
<arg>${result}</arg>
<arg>6</arg>
<doc>Fails if objects are unequal after converting them to real numbers.</doc>
<status status="NOT RUN" start="2024-10-06T19:27:27.304564" elapsed="0.000005"/>
</kw>
<doc>Test hashing a directory with null argument in function</doc>
<tag>Directory</tag>
<status status="FAIL" start="2024-10-06T19:27:27.304067" elapsed="0.000553">Cannot set variables: Expected list-like value, got integer.</status>
</test>
<status status="FAIL" start="2024-10-06T19:27:26.529496" elapsed="0.775284"/>
</suite>
<suite id="s1-s2" name="Hash Free" source="/Users/petrparoubek/Projects/HID_test/src/hash_free.robot">
<test id="s1-s2-t1" name="Hash Free Test" line="11">
<kw name="Load Hash Library" owner="wrapper">
<msg time="2024-10-06T19:27:27.307472" level="INFO">Libray loaded successfully.</msg>
<msg time="2024-10-06T19:27:27.307491" level="INFO">${lib} = &lt;CDLL '/Users/petrparoubek/Projects/QA_test/bin/mac/libhash.dylib', handle 86a14150 at 0x10209e2d0&gt;</msg>
<var>${lib}</var>
<arg>${LIB_PATH}</arg>
<status status="PASS" start="2024-10-06T19:27:27.307417" elapsed="0.000080"/>
</kw>
<kw name="Hash Init" owner="wrapper">
<msg time="2024-10-06T19:27:27.307566" level="INFO">HashInit Return code: HASH_ERROR_OK.</msg>
<msg time="2024-10-06T19:27:27.307582" level="INFO">${result_init} = 0</msg>
<var>${result_init}</var>
<arg>${lib}</arg>
<status status="PASS" start="2024-10-06T19:27:27.307532" elapsed="0.000054"/>
</kw>
<kw name="Hash Directory" owner="wrapper">
<msg time="2024-10-06T19:27:27.307676" level="INFO">HashDirectory Return code: HASH_ERROR_OK, Operation ID: 1.</msg>
<msg time="2024-10-06T19:27:27.307695" level="INFO">${result} = 0</msg>
<msg time="2024-10-06T19:27:27.307704" level="INFO">${op_id} = 1</msg>
<var>${result}</var>
<var>${op_id}</var>
<arg>${lib}</arg>
<arg>${DIRECTORY_PATH}</arg>
<status status="PASS" start="2024-10-06T19:27:27.307619" elapsed="0.000089"/>
</kw>
<kw name="Should Be Equal As Numbers" owner="BuiltIn">
<msg time="2024-10-06T19:27:27.307828" level="INFO">Argument types are:
&lt;class 'int'&gt;
&lt;class 'str'&gt;</msg>
<arg>${result}</arg>
<arg>0</arg>
<doc>Fails if objects are unequal after converting them to real numbers.</doc>
<status status="PASS" start="2024-10-06T19:27:27.307791" elapsed="0.000052"/>
</kw>
<kw name="Waitfor Hash Directory" owner="operations">
<msg time="2024-10-06T19:27:27.670561" level="INFO">HashDirectory has finished.</msg>
<arg>${lib}</arg>
<arg>${op_id}</arg>
<status status="PASS" start="2024-10-06T19:27:27.307877" elapsed="0.362714"/>
</kw>
<kw name="Is Memory Free" owner="wrapper">
<msg time="2024-10-06T19:27:27.670759" level="INFO">${is_freed} = True</msg>
<var>${is_freed}</var>
<arg>${lib}</arg>
<status status="PASS" start="2024-10-06T19:27:27.670678" elapsed="0.000095"/>
</kw>
<kw name="Hash Terminate" owner="wrapper">
<msg time="2024-10-06T19:27:27.670851" level="INFO">HashTerminate Return code: HASH_ERROR_OK.</msg>
<arg>${lib}</arg>
<status status="PASS" start="2024-10-06T19:27:27.670808" elapsed="0.000053"/>
</kw>
<kw name="Should Be True" owner="BuiltIn">
<arg>${is_freed}</arg>
<doc>Fails if the given condition is not true.</doc>
<status status="PASS" start="2024-10-06T19:27:27.670898" elapsed="0.000038"/>
</kw>
<doc>Test free memory.</doc>
<tag>Directory</tag>
<status status="PASS" start="2024-10-06T19:27:27.307308" elapsed="0.363670"/>
</test>
<status status="PASS" start="2024-10-06T19:27:27.304901" elapsed="0.366170"/>
</suite>
<suite id="s1-s3" name="Hash Init" source="/Users/petrparoubek/Projects/HID_test/src/hash_init.robot">
<test id="s1-s3-t1" name="Initialize Hash Library" line="9">
<kw name="Load Hash Library" owner="wrapper">
<msg time="2024-10-06T19:27:27.671945" level="INFO">Libray loaded successfully.</msg>
<msg time="2024-10-06T19:27:27.671965" level="INFO">${lib} = &lt;CDLL '/Users/petrparoubek/Projects/QA_test/bin/mac/libhash.dylib', handle 86a14150 at 0x10209e870&gt;</msg>
<var>${lib}</var>
<arg>${LIB_PATH}</arg>
<status status="PASS" start="2024-10-06T19:27:27.671850" elapsed="0.000121"/>
</kw>
<kw name="Hash Init" owner="wrapper">
<msg time="2024-10-06T19:27:27.672048" level="INFO">HashInit Return code: HASH_ERROR_OK.</msg>
<msg time="2024-10-06T19:27:27.672064" level="INFO">${result} = 0</msg>
<var>${result}</var>
<arg>${lib}</arg>
<status status="PASS" start="2024-10-06T19:27:27.672013" elapsed="0.000056"/>
</kw>
<kw name="Hash Terminate" owner="wrapper">
<msg time="2024-10-06T19:27:27.672138" level="INFO">HashTerminate Return code: HASH_ERROR_OK.</msg>
<msg time="2024-10-06T19:27:27.672153" level="INFO">${result_terminate} = 0</msg>
<var>${result_terminate}</var>
<arg>${lib}</arg>
<status status="PASS" start="2024-10-06T19:27:27.672106" elapsed="0.000052"/>
</kw>
<kw name="Should Be Equal As Numbers" owner="BuiltIn">
<msg time="2024-10-06T19:27:27.672241" level="INFO">Argument types are:
&lt;class 'int'&gt;
&lt;class 'str'&gt;</msg>
<arg>${result}</arg>
<arg>0</arg>
<doc>Fails if objects are unequal after converting them to real numbers.</doc>
<status status="PASS" start="2024-10-06T19:27:27.672199" elapsed="0.000060"/>
</kw>
<doc>Test to initialize targeted library and then terminate.</doc>
<tag>Init</tag>
<status status="PASS" start="2024-10-06T19:27:27.671736" elapsed="0.000561"/>
</test>
<test id="s1-s3-t2" name="Initialize Initialized Hash Library" line="17">
<kw name="Load Hash Library" owner="wrapper">
<msg time="2024-10-06T19:27:27.672515" level="INFO">Libray loaded successfully.</msg>
<msg time="2024-10-06T19:27:27.672531" level="INFO">${lib} = &lt;CDLL '/Users/petrparoubek/Projects/QA_test/bin/mac/libhash.dylib', handle 86a14150 at 0x10209ecc0&gt;</msg>
<var>${lib}</var>
<arg>${LIB_PATH}</arg>
<status status="PASS" start="2024-10-06T19:27:27.672460" elapsed="0.000077"/>
</kw>
<kw name="Hash Init" owner="wrapper">
<msg time="2024-10-06T19:27:27.672609" level="INFO">HashInit Return code: HASH_ERROR_OK.</msg>
<msg time="2024-10-06T19:27:27.672624" level="INFO">${result} = 0</msg>
<var>${result}</var>
<arg>${lib}</arg>
<status status="PASS" start="2024-10-06T19:27:27.672576" elapsed="0.000052"/>
</kw>
<kw name="Should Be Equal As Numbers" owner="BuiltIn">
<msg time="2024-10-06T19:27:27.672701" level="INFO">Argument types are:
&lt;class 'int'&gt;
&lt;class 'str'&gt;</msg>
<arg>${result}</arg>
<arg>0</arg>
<doc>Fails if objects are unequal after converting them to real numbers.</doc>
<status status="PASS" start="2024-10-06T19:27:27.672666" elapsed="0.000047"/>
</kw>
<kw name="Hash Init" owner="wrapper">
<msg time="2024-10-06T19:27:27.672779" level="INFO">HashInit Return code: HASH_ERROR_OK.</msg>
<msg time="2024-10-06T19:27:27.672796" level="INFO">${result_reinitialized} = 0</msg>
<var>${result_reinitialized}</var>
<arg>${lib}</arg>
<status status="PASS" start="2024-10-06T19:27:27.672749" elapsed="0.000052"/>
</kw>
<kw name="Should Be Equal As Numbers" owner="BuiltIn">
<msg time="2024-10-06T19:27:27.672873" level="INFO">Argument types are:
&lt;class 'int'&gt;
&lt;class 'str'&gt;</msg>
<msg time="2024-10-06T19:27:27.672908" level="FAIL">0.0 != 8.0</msg>
<arg>${result_reinitialized}</arg>
<arg>8</arg>
<doc>Fails if objects are unequal after converting them to real numbers.</doc>
<status status="FAIL" start="2024-10-06T19:27:27.672838" elapsed="0.000124">0.0 != 8.0</status>
</kw>
<kw name="Hash Terminate" owner="wrapper">
<var>${result_terminate}</var>
<arg>${lib}</arg>
<status status="NOT RUN" start="2024-10-06T19:27:27.673007" elapsed="0.000005"/>
</kw>
<doc>Test to initilize initialized library.</doc>
<tag>Init</tag>
<status status="FAIL" start="2024-10-06T19:27:27.672355" elapsed="0.000711">0.0 != 8.0</status>
</test>
<status status="FAIL" start="2024-10-06T19:27:27.671184" elapsed="0.001958"/>
</suite>
<suite id="s1-s4" name="Hash Log Line" source="/Users/petrparoubek/Projects/HID_test/src/hash_log_line.robot">
<test id="s1-s4-t1" name="Read Log Line Test" line="14">
<kw name="Load Hash Library" owner="wrapper">
<msg time="2024-10-06T19:27:27.675527" level="INFO">Libray loaded successfully.</msg>
<msg time="2024-10-06T19:27:27.675544" level="INFO">${lib} = &lt;CDLL '/Users/petrparoubek/Projects/QA_test/bin/mac/libhash.dylib', handle 86a14150 at 0x10209f050&gt;</msg>
<var>${lib}</var>
<arg>${LIB_PATH}</arg>
<status status="PASS" start="2024-10-06T19:27:27.675472" elapsed="0.000078"/>
</kw>
<kw name="Hash Init" owner="wrapper">
<msg time="2024-10-06T19:27:27.675617" level="INFO">HashInit Return code: HASH_ERROR_OK.</msg>
<msg time="2024-10-06T19:27:27.675632" level="INFO">${result_init} = 0</msg>
<var>${result_init}</var>
<arg>${lib}</arg>
<status status="PASS" start="2024-10-06T19:27:27.675585" elapsed="0.000052"/>
</kw>
<kw name="Hash Directory" owner="wrapper">
<msg time="2024-10-06T19:27:27.675728" level="INFO">HashDirectory Return code: HASH_ERROR_OK, Operation ID: 1.</msg>
<msg time="2024-10-06T19:27:27.675748" level="INFO">${result} = 0</msg>
<msg time="2024-10-06T19:27:27.675756" level="INFO">${op_id} = 1</msg>
<var>${result}</var>
<var>${op_id}</var>
<arg>${lib}</arg>
<arg>${DIRECTORY_PATH}</arg>
<status status="PASS" start="2024-10-06T19:27:27.675671" elapsed="0.000090"/>
</kw>
<kw name="Should Be Equal As Numbers" owner="BuiltIn">
<msg time="2024-10-06T19:27:27.675840" level="INFO">Argument types are:
&lt;class 'int'&gt;
&lt;class 'str'&gt;</msg>
<arg>${result}</arg>
<arg>0</arg>
<doc>Fails if objects are unequal after converting them to real numbers.</doc>
<status status="PASS" start="2024-10-06T19:27:27.675806" elapsed="0.000047"/>
</kw>
<kw name="Waitfor Hash Directory" owner="operations">
<msg time="2024-10-06T19:27:28.038873" level="INFO">HashDirectory has finished.</msg>
<arg>${lib}</arg>
<arg>${op_id}</arg>
<status status="PASS" start="2024-10-06T19:27:27.675887" elapsed="0.363013"/>
</kw>
<kw name="Process Hashes" owner="operations">
<msg time="2024-10-06T19:27:28.039250" level="INFO">c_char_p(4427190304)
c_char_p(4696548832)
c_char_p(4696548832)
c_char_p(4427190304)
c_char_p(4427190304)
c_char_p(4696500464)
c_char_p(4696356896)
c_char_p(4695815840)
c_char_p(4696072432)
c_char_p(4427524832)
c_char_p(4695815840)
c_char_p(4564335392)
c_char_p(4564335392)
c_char_p(4564335392)
c_char_p(4564335392)
c_char_p(4564335392)
c_char_p(4564335392)
c_char_p(None)
['73C5491312F07EBBEF491FC4CC67A42', 'FF51D1B0565C364C47BA8DFAEB67D8', 'B6C1B69FDC41A88E91114FE4E32AEDE9', 'D41D8CD98F0B24E980998ECF8427E', 'BE2B712F723F65914A16F366497718A', '8C99CD99D4FA621ADF10EA2AE5EA778C', '44741173A8230882438B122BF444A1', '40B2C9A5E75A691451AAB7FBE9D2F99', 'CFE096F03C772A34A93333EFD7EB359', '1A5D7DD395A5ADE6839BEF162BF4E14', 'D01EE1385BA5232CEA51734FC254', '90150983CD24FB0D6963F7D28E17F72', '99BE496AB9AD1CD2B991CECF142235A', '224DDB22CB25FCB6741B6EDE40918DCD', '90150983CD24FB0D6963F7D28E17F72', '99BE496AB9AD1CD2B991CECF142235A', '224DDB22CB25FCB6741B6EDE40918DCD']
['900150983cd24fb0d6963f7d28e17f72', '99be496ab9ad1cd2b9910cecf142235a', '224ddb22cb25fcb6741b6ede40918dcd']</msg>
<msg time="2024-10-06T19:27:28.039307" level="INFO">${process_hashes_result} = False</msg>
<var>${process_hashes_result}</var>
<arg>${lib}</arg>
<arg>${DIRECTORY_PATH}</arg>
<status status="PASS" start="2024-10-06T19:27:28.038975" elapsed="0.000338"/>
</kw>
<kw name="Should Be Equal" owner="BuiltIn">
<msg time="2024-10-06T19:27:28.039399" level="INFO">Argument types are:
&lt;class 'bool'&gt;
&lt;class 'str'&gt;</msg>
<msg time="2024-10-06T19:27:28.039433" level="FAIL">False != True</msg>
<arg>${process_hashes_result}</arg>
<arg>True</arg>
<doc>Fails if the given objects are unequal.</doc>
<status status="FAIL" start="2024-10-06T19:27:28.039354" elapsed="0.000110">False != True</status>
</kw>
<kw name="Hash Terminate" owner="wrapper">
<arg>${lib}</arg>
<status status="NOT RUN" start="2024-10-06T19:27:28.039502" elapsed="0.000005"/>
</kw>
<doc>Test reading log lines from the hash library.</doc>
<tag>Log Line</tag>
<status status="FAIL" start="2024-10-06T19:27:27.675320" elapsed="0.364238">False != True</status>
</test>
<test id="s1-s4-t2" name="Not Initialized Library For Read Log Line Test" line="26">
<kw name="Load Hash Library" owner="wrapper">
<msg time="2024-10-06T19:27:28.039817" level="INFO">Libray loaded successfully.</msg>
<msg time="2024-10-06T19:27:28.039834" level="INFO">${lib} = &lt;CDLL '/Users/petrparoubek/Projects/QA_test/bin/mac/libhash.dylib', handle 86a14150 at 0x10209ebd0&gt;</msg>
<var>${lib}</var>
<arg>${LIB_PATH}</arg>
<status status="PASS" start="2024-10-06T19:27:28.039744" elapsed="0.000096"/>
</kw>
<kw name="Hash Directory" owner="wrapper">
<msg time="2024-10-06T19:27:28.039935" level="INFO">HashDirectory Return code: HASH_ERROR_OK, Operation ID: 2.</msg>
<msg time="2024-10-06T19:27:28.039954" level="INFO">${result} = 0</msg>
<msg time="2024-10-06T19:27:28.039962" level="INFO">${op_id} = 2</msg>
<var>${result}</var>
<var>${op_id}</var>
<arg>${lib}</arg>
<arg>${DIRECTORY_PATH}</arg>
<status status="PASS" start="2024-10-06T19:27:28.039875" elapsed="0.000093"/>
</kw>
<kw name="Waitfor Hash Directory" owner="operations">
<msg time="2024-10-06T19:27:28.403095" level="INFO">HashDirectory has finished.</msg>
<arg>${lib}</arg>
<arg>${op_id}</arg>
<status status="PASS" start="2024-10-06T19:27:28.040004" elapsed="0.363126"/>
</kw>
<kw name="Read Not Initialized Has Log" owner="operations">
<msg time="2024-10-06T19:27:28.403301" level="INFO">c_char_p(4964051040)
c_char_p(4964051040)
c_char_p(4964051040)
c_char_p(None)</msg>
<msg time="2024-10-06T19:27:28.403325" level="INFO">${status} = 1</msg>
<var>${status}</var>
<arg>${lib}</arg>
<status status="PASS" start="2024-10-06T19:27:28.403215" elapsed="0.000116"/>
</kw>
<kw name="Hash Terminate" owner="wrapper">
<msg time="2024-10-06T19:27:28.403422" level="INFO">HashTerminate Return code: HASH_ERROR_OK.</msg>
<arg>${lib}</arg>
<status status="PASS" start="2024-10-06T19:27:28.403374" elapsed="0.000058"/>
</kw>
<kw name="Should Be Equal As Numbers" owner="BuiltIn">
<msg time="2024-10-06T19:27:28.403520" level="INFO">Argument types are:
&lt;class 'int'&gt;
&lt;class 'str'&gt;</msg>
<msg time="2024-10-06T19:27:28.403560" level="FAIL">1.0 != 7.0</msg>
<arg>${status}</arg>
<arg>7</arg>
<doc>Fails if objects are unequal after converting them to real numbers.</doc>
<status status="FAIL" start="2024-10-06T19:27:28.403472" elapsed="0.000112">1.0 != 7.0</status>
</kw>
<doc>Test reading log lines from the hash library which is not initialized.</doc>
<tag>Log Line</tag>
<status status="FAIL" start="2024-10-06T19:27:28.039616" elapsed="0.364030">1.0 != 7.0</status>
</test>
<test id="s1-s4-t3" name="Read Log Line For Large File" line="36">
<kw name="Load Hash Library" owner="wrapper">
<msg time="2024-10-06T19:27:28.403927" level="INFO">Libray loaded successfully.</msg>
<msg time="2024-10-06T19:27:28.403949" level="INFO">${lib} = &lt;CDLL '/Users/petrparoubek/Projects/QA_test/bin/mac/libhash.dylib', handle 86a14150 at 0x1020b0d40&gt;</msg>
<var>${lib}</var>
<arg>${LIB_PATH}</arg>
<status status="PASS" start="2024-10-06T19:27:28.403826" elapsed="0.000129"/>
</kw>
<kw name="Hash Init" owner="wrapper">
<msg time="2024-10-06T19:27:28.404021" level="INFO">HashInit Return code: HASH_ERROR_OK.</msg>
<msg time="2024-10-06T19:27:28.404037" level="INFO">${result_init} = 0</msg>
<var>${result_init}</var>
<arg>${lib}</arg>
<status status="PASS" start="2024-10-06T19:27:28.403990" elapsed="0.000052"/>
</kw>
<kw name="Hash Directory" owner="wrapper">
<msg time="2024-10-06T19:27:28.404138" level="INFO">HashDirectory Return code: HASH_ERROR_OK, Operation ID: 1.</msg>
<msg time="2024-10-06T19:27:28.404157" level="INFO">${result} = 0</msg>
<msg time="2024-10-06T19:27:28.404166" level="INFO">${op_id} = 1</msg>
<var>${result}</var>
<var>${op_id}</var>
<arg>${lib}</arg>
<arg>${BIG_FILES_DIRECTORY}</arg>
<status status="PASS" start="2024-10-06T19:27:28.404077" elapsed="0.000094"/>
</kw>
<kw name="Should Be Equal As Numbers" owner="BuiltIn">
<msg time="2024-10-06T19:27:28.404250" level="INFO">Argument types are:
&lt;class 'int'&gt;
&lt;class 'str'&gt;</msg>
<arg>${result}</arg>
<arg>0</arg>
<doc>Fails if objects are unequal after converting them to real numbers.</doc>
<status status="PASS" start="2024-10-06T19:27:28.404214" elapsed="0.000049"/>
</kw>
<kw name="Create Large File" owner="fileHelper">
<msg time="2024-10-06T19:27:28.874516" level="INFO">Deleted file: /Users/petrparoubek/Projects/HID_test/src/large_files/large_file.txt
File 'large_file.txt' created in '/Users/petrparoubek/Projects/HID_test/src/large_files' with size: 2.00 GB</msg>
<arg>${BIG_FILES_DIRECTORY}</arg>
<status status="PASS" start="2024-10-06T19:27:28.404303" elapsed="0.470257"/>
</kw>
<kw name="Waitfor Hash Directory" owner="operations">
<msg time="2024-10-06T19:27:30.413450" level="INFO">HashDirectory has finished.</msg>
<arg>${lib}</arg>
<arg>${op_id}</arg>
<status status="PASS" start="2024-10-06T19:27:28.874660" elapsed="1.538847"/>
</kw>
<kw name="Process Hashes" owner="operations">
<msg time="2024-10-06T19:27:33.382733" level="INFO">c_char_p(4331683968)
c_char_p(None)
['2645B945D374FE2C50B4EB2EB7F1FE76']
['468ddb6497b8e5b43b0b7f717ea97945']</msg>
<msg time="2024-10-06T19:27:33.382813" level="INFO">${process_hashes_result} = False</msg>
<var>${process_hashes_result}</var>
<arg>${lib}</arg>
<arg>${BIG_FILES_DIRECTORY}</arg>
<status status="PASS" start="2024-10-06T19:27:30.413625" elapsed="2.969197"/>
</kw>
<kw name="Hash Terminate" owner="wrapper">
<msg time="2024-10-06T19:27:33.383014" level="INFO">HashTerminate Return code: HASH_ERROR_OK.</msg>
<arg>${lib}</arg>
<status status="PASS" start="2024-10-06T19:27:33.382925" elapsed="0.000101"/>
</kw>
<kw name="Should Be Equal" owner="BuiltIn">
<msg time="2024-10-06T19:27:33.383126" level="INFO">Argument types are:
&lt;class 'bool'&gt;
&lt;class 'str'&gt;</msg>
<msg time="2024-10-06T19:27:33.383161" level="FAIL">False != True</msg>
<arg>${process_hashes_result}</arg>
<arg>True</arg>
<doc>Fails if the given objects are unequal.</doc>
<status status="FAIL" start="2024-10-06T19:27:33.383074" elapsed="0.000110">False != True</status>
</kw>
<doc>Test reading big files from the hash library.</doc>
<tag>Log Line</tag>
<status status="FAIL" start="2024-10-06T19:27:28.403710" elapsed="4.979546">False != True</status>
</test>
<test id="s1-s4-t4" name="Read Log Line For Uncommon Files" line="49">
<kw name="Load Hash Library" owner="wrapper">
<msg time="2024-10-06T19:27:33.383581" level="INFO">Libray loaded successfully.</msg>
<msg time="2024-10-06T19:27:33.383602" level="INFO">${lib} = &lt;CDLL '/Users/petrparoubek/Projects/QA_test/bin/mac/libhash.dylib', handle 86a14150 at 0x1020b3a40&gt;</msg>
<var>${lib}</var>
<arg>${LIB_PATH}</arg>
<status status="PASS" start="2024-10-06T19:27:33.383446" elapsed="0.000163"/>
</kw>
<kw name="Hash Init" owner="wrapper">
<msg time="2024-10-06T19:27:33.383681" level="INFO">HashInit Return code: HASH_ERROR_OK.</msg>
<msg time="2024-10-06T19:27:33.383795" level="INFO">${result_init} = 0</msg>
<var>${result_init}</var>
<arg>${lib}</arg>
<status status="PASS" start="2024-10-06T19:27:33.383647" elapsed="0.000154"/>
</kw>
<kw name="Hash Directory" owner="wrapper">
<msg time="2024-10-06T19:27:33.383918" level="INFO">HashDirectory Return code: HASH_ERROR_OK, Operation ID: 1.</msg>
<msg time="2024-10-06T19:27:33.383977" level="INFO">${result} = 0</msg>
<msg time="2024-10-06T19:27:33.383986" level="INFO">${op_id} = 1</msg>
<var>${result}</var>
<var>${op_id}</var>
<arg>${lib}</arg>
<arg>${UNCOMMON_FILES_DIRECTORY}</arg>
<status status="PASS" start="2024-10-06T19:27:33.383840" elapsed="0.000151"/>
</kw>
<kw name="Should Be Equal As Numbers" owner="BuiltIn">
<msg time="2024-10-06T19:27:33.384108" level="INFO">Argument types are:
&lt;class 'int'&gt;
&lt;class 'str'&gt;</msg>
<arg>${result}</arg>
<arg>0</arg>
<doc>Fails if objects are unequal after converting them to real numbers.</doc>
<status status="PASS" start="2024-10-06T19:27:33.384041" elapsed="0.000084"/>
</kw>
<kw name="Waitfor Hash Directory" owner="operations">
<msg time="2024-10-06T19:27:33.765881" level="INFO">HashDirectory has finished.</msg>
<arg>${lib}</arg>
<arg>${op_id}</arg>
<status status="PASS" start="2024-10-06T19:27:33.384162" elapsed="0.381739"/>
</kw>
<kw name="Process Hashes" owner="operations">
<msg time="2024-10-06T19:27:33.766211" level="INFO">c_char_p(4564474160)
c_char_p(4564474160)
c_char_p(4564474976)
c_char_p(None)
['BAAEEC53DC2E41353CD9B85B4E886A6', '7FC56270E7A7FA81A5935B72EACBE29', 'D41D8CD98F0B24E980998ECF8427E']
['baaeec53dc2e41353cd9b85b04e886a6', '7fc56270e7a70fa81a5935b72eacbe29', 'd41d8cd98f00b204e9800998ecf8427e']</msg>
<msg time="2024-10-06T19:27:33.766238" level="INFO">${process_hashes_result} = False</msg>
<var>${process_hashes_result}</var>
<arg>${lib}</arg>
<arg>${UNCOMMON_FILES_DIRECTORY}</arg>
<status status="PASS" start="2024-10-06T19:27:33.765964" elapsed="0.000279"/>
</kw>
<kw name="Hash Terminate" owner="wrapper">
<msg time="2024-10-06T19:27:33.766319" level="INFO">HashTerminate Return code: HASH_ERROR_OK.</msg>
<arg>${lib}</arg>
<status status="PASS" start="2024-10-06T19:27:33.766280" elapsed="0.000049"/>
</kw>
<kw name="Should Be Equal" owner="BuiltIn">
<msg time="2024-10-06T19:27:33.766406" level="INFO">Argument types are:
&lt;class 'bool'&gt;
&lt;class 'str'&gt;</msg>
<msg time="2024-10-06T19:27:33.766438" level="FAIL">False != True</msg>
<arg>${process_hashes_result}</arg>
<arg>True</arg>
<doc>Fails if the given objects are unequal.</doc>
<status status="FAIL" start="2024-10-06T19:27:33.766366" elapsed="0.000097">False != True</status>
</kw>
<doc>Test reading big files from the hash library.</doc>
<tag>Log Line</tag>
<status status="FAIL" start="2024-10-06T19:27:33.383323" elapsed="0.383196">False != True</status>
</test>
<status status="FAIL" start="2024-10-06T19:27:27.673235" elapsed="6.093391"/>
</suite>
<suite id="s1-s5" name="Hash Status" source="/Users/petrparoubek/Projects/HID_test/src/hash_status.robot">
<test id="s1-s5-t1" name="Hash Status Test" line="10">
<kw name="Load Hash Library" owner="wrapper">
<msg time="2024-10-06T19:27:33.767648" level="INFO">Libray loaded successfully.</msg>
<msg time="2024-10-06T19:27:33.767667" level="INFO">${lib} = &lt;CDLL '/Users/petrparoubek/Projects/QA_test/bin/mac/libhash.dylib', handle 86a14150 at 0x1020b1eb0&gt;</msg>
<var>${lib}</var>
<arg>${LIB_PATH}</arg>
<status status="PASS" start="2024-10-06T19:27:33.767567" elapsed="0.000106"/>
</kw>
<kw name="Hash Init" owner="wrapper">
<msg time="2024-10-06T19:27:33.767739" level="INFO">HashInit Return code: HASH_ERROR_OK.</msg>
<msg time="2024-10-06T19:27:33.767754" level="INFO">${result_init} = 0</msg>
<var>${result_init}</var>
<arg>${lib}</arg>
<status status="PASS" start="2024-10-06T19:27:33.767707" elapsed="0.000052"/>
</kw>
<kw name="Hash Directory" owner="wrapper">
<msg time="2024-10-06T19:27:33.767855" level="INFO">HashDirectory Return code: HASH_ERROR_OK, Operation ID: 1.</msg>
<msg time="2024-10-06T19:27:33.767874" level="INFO">${result} = 0</msg>
<msg time="2024-10-06T19:27:33.767883" level="INFO">${op_id} = 1</msg>
<var>${result}</var>
<var>${op_id}</var>
<arg>${lib}</arg>
<arg>${DIRECTORY_PATH}</arg>
<status status="PASS" start="2024-10-06T19:27:33.767791" elapsed="0.000097"/>
</kw>
<kw name="Should Be Equal As Numbers" owner="BuiltIn">
<msg time="2024-10-06T19:27:33.767976" level="INFO">Argument types are:
&lt;class 'int'&gt;
&lt;class 'str'&gt;</msg>
<arg>${result}</arg>
<arg>0</arg>
<doc>Fails if objects are unequal after converting them to real numbers.</doc>
<status status="PASS" start="2024-10-06T19:27:33.767937" elapsed="0.000053"/>
</kw>
<kw name="Hash Status" owner="wrapper">
<msg time="2024-10-06T19:27:33.768073" level="INFO">${status_code} = 0</msg>
<msg time="2024-10-06T19:27:33.768083" level="INFO">${op_running} = True</msg>
<var>${status_code}</var>
<var>${op_running}</var>
<arg>${lib}</arg>
<arg>${op_id}</arg>
<status status="PASS" start="2024-10-06T19:27:33.768024" elapsed="0.000064"/>
</kw>
<kw name="Waitfor Hash Directory" owner="operations">
<msg time="2024-10-06T19:27:34.540822" level="INFO">HashDirectory has finished.</msg>
<arg>${lib}</arg>
<arg>${op_id}</arg>
<status status="PASS" start="2024-10-06T19:27:33.768121" elapsed="0.772748"/>
</kw>
<kw name="Hash Stop" owner="wrapper">
<msg time="2024-10-06T19:27:34.541094" level="INFO">HashStop Return code: HASH_ERROR_OK.</msg>
<arg>${lib}</arg>
<arg>${op_id}</arg>
<status status="PASS" start="2024-10-06T19:27:34.540980" elapsed="0.000127"/>
</kw>
<kw name="Hash Terminate" owner="wrapper">
<msg time="2024-10-06T19:27:34.541186" level="INFO">HashTerminate Return code: HASH_ERROR_OK.</msg>
<msg time="2024-10-06T19:27:34.541207" level="INFO">${result_terminate} = 0</msg>
<var>${result_terminate}</var>
<arg>${lib}</arg>
<status status="PASS" start="2024-10-06T19:27:34.541151" elapsed="0.000061"/>
</kw>
<kw name="Should Be Equal As Numbers" owner="BuiltIn">
<msg time="2024-10-06T19:27:34.541308" level="INFO">Argument types are:
&lt;class 'int'&gt;
&lt;class 'str'&gt;</msg>
<arg>${status_code}</arg>
<arg>0</arg>
<doc>Fails if objects are unequal after converting them to real numbers.</doc>
<status status="PASS" start="2024-10-06T19:27:34.541255" elapsed="0.000072"/>
</kw>
<doc>Test the status of a hashing operation.</doc>
<tag>Status</tag>
<status status="PASS" start="2024-10-06T19:27:33.767470" elapsed="0.773908"/>
</test>
<test id="s1-s5-t2" name="Hash Status Invalid Argument" line="23">
<kw name="Load Hash Library" owner="wrapper">
<msg time="2024-10-06T19:27:34.541664" level="INFO">Libray loaded successfully.</msg>
<msg time="2024-10-06T19:27:34.541687" level="INFO">${lib} = &lt;CDLL '/Users/petrparoubek/Projects/QA_test/bin/mac/libhash.dylib', handle 86a14150 at 0x1020b09e0&gt;</msg>
<var>${lib}</var>
<arg>${LIB_PATH}</arg>
<status status="PASS" start="2024-10-06T19:27:34.541559" elapsed="0.000135"/>
</kw>
<kw name="Hash Init" owner="wrapper">
<msg time="2024-10-06T19:27:34.541762" level="INFO">HashInit Return code: HASH_ERROR_OK.</msg>
<msg time="2024-10-06T19:27:34.541780" level="INFO">${result_init} = 0</msg>
<var>${result_init}</var>
<arg>${lib}</arg>
<status status="PASS" start="2024-10-06T19:27:34.541728" elapsed="0.000057"/>
</kw>
<kw name="Hash Directory" owner="wrapper">
<msg time="2024-10-06T19:27:34.541874" level="INFO">HashDirectory Return code: HASH_ERROR_OK, Operation ID: 1.</msg>
<msg time="2024-10-06T19:27:34.541894" level="INFO">${result} = 0</msg>
<msg time="2024-10-06T19:27:34.541903" level="INFO">${op_id} = 1</msg>
<var>${result}</var>
<var>${op_id}</var>
<arg>${lib}</arg>
<arg>${DIRECTORY_PATH}</arg>
<status status="PASS" start="2024-10-06T19:27:34.541818" elapsed="0.000090"/>
</kw>
<kw name="Should Be Equal As Numbers" owner="BuiltIn">
<msg time="2024-10-06T19:27:34.541993" level="INFO">Argument types are:
&lt;class 'int'&gt;
&lt;class 'str'&gt;</msg>
<arg>${result}</arg>
<arg>0</arg>
<doc>Fails if objects are unequal after converting them to real numbers.</doc>
<status status="PASS" start="2024-10-06T19:27:34.541955" elapsed="0.000054"/>
</kw>
<kw name="Hash Status" owner="wrapper">
<msg time="2024-10-06T19:27:34.542190" level="INFO">${status_code} = 0</msg>
<msg time="2024-10-06T19:27:34.542201" level="INFO">${op_running} = False</msg>
<var>${status_code}</var>
<var>${op_running}</var>
<arg>${lib}</arg>
<arg>${-2222222222}</arg>
<status status="PASS" start="2024-10-06T19:27:34.542044" elapsed="0.000162"/>
</kw>
<kw name="Waitfor Hash Directory" owner="operations">
<msg time="2024-10-06T19:27:35.314909" level="INFO">HashDirectory has finished.</msg>
<arg>${lib}</arg>
<arg>${op_id}</arg>
<status status="PASS" start="2024-10-06T19:27:34.542275" elapsed="0.772679"/>
</kw>
<kw name="Hash Stop" owner="wrapper">
<msg time="2024-10-06T19:27:35.315171" level="INFO">HashStop Return code: HASH_ERROR_OK.</msg>
<arg>${lib}</arg>
<arg>${op_id}</arg>
<status status="PASS" start="2024-10-06T19:27:35.315069" elapsed="0.000112"/>
</kw>
<kw name="Hash Terminate" owner="wrapper">
<msg time="2024-10-06T19:27:35.315251" level="INFO">HashTerminate Return code: HASH_ERROR_OK.</msg>
<msg time="2024-10-06T19:27:35.315273" level="INFO">${result_terminate} = 0</msg>
<var>${result_terminate}</var>
<arg>${lib}</arg>
<status status="PASS" start="2024-10-06T19:27:35.315218" elapsed="0.000060"/>
</kw>
<kw name="Should Be Equal As Numbers" owner="BuiltIn">
<msg time="2024-10-06T19:27:35.315369" level="INFO">Argument types are:
&lt;class 'int'&gt;
&lt;class 'str'&gt;</msg>
<msg time="2024-10-06T19:27:35.315554" level="FAIL">0.0 != 5.0</msg>
<arg>${status_code}</arg>
<arg>5</arg>
<doc>Fails if objects are unequal after converting them to real numbers.</doc>
<status status="FAIL" start="2024-10-06T19:27:35.315317" elapsed="0.000270">0.0 != 5.0</status>
</kw>
<doc>Test the status of a hashing operation with invalid argument.</doc>
<tag>Status</tag>
<status status="FAIL" start="2024-10-06T19:27:34.541440" elapsed="0.774232">0.0 != 5.0</status>
</test>
<test id="s1-s5-t3" name="Hash Status Null Argument" line="36">
<kw name="Load Hash Library" owner="wrapper">
<msg time="2024-10-06T19:27:35.316017" level="INFO">Libray loaded successfully.</msg>
<msg time="2024-10-06T19:27:35.316039" level="INFO">${lib} = &lt;CDLL '/Users/petrparoubek/Projects/QA_test/bin/mac/libhash.dylib', handle 86a14150 at 0x10209f7d0&gt;</msg>
<var>${lib}</var>
<arg>${LIB_PATH}</arg>
<status status="PASS" start="2024-10-06T19:27:35.315886" elapsed="0.000159"/>
</kw>
<kw name="Hash Init" owner="wrapper">
<msg time="2024-10-06T19:27:35.316121" level="INFO">HashInit Return code: HASH_ERROR_OK.</msg>
<msg time="2024-10-06T19:27:35.316137" level="INFO">${result_init} = 0</msg>
<var>${result_init}</var>
<arg>${lib}</arg>
<status status="PASS" start="2024-10-06T19:27:35.316083" elapsed="0.000059"/>
</kw>
<kw name="Hash Directory" owner="wrapper">
<msg time="2024-10-06T19:27:35.316245" level="INFO">HashDirectory Return code: HASH_ERROR_OK, Operation ID: 1.</msg>
<msg time="2024-10-06T19:27:35.316270" level="INFO">${result} = 0</msg>
<msg time="2024-10-06T19:27:35.316280" level="INFO">${op_id} = 1</msg>
<var>${result}</var>
<var>${op_id}</var>
<arg>${lib}</arg>
<arg>${DIRECTORY_PATH}</arg>
<status status="PASS" start="2024-10-06T19:27:35.316178" elapsed="0.000107"/>
</kw>
<kw name="Should Be Equal As Numbers" owner="BuiltIn">
<msg time="2024-10-06T19:27:35.316357" level="INFO">Argument types are:
&lt;class 'int'&gt;
&lt;class 'str'&gt;</msg>
<arg>${result}</arg>
<arg>0</arg>
<doc>Fails if objects are unequal after converting them to real numbers.</doc>
<status status="PASS" start="2024-10-06T19:27:35.316323" elapsed="0.000049"/>
</kw>
<kw name="Hash Status" owner="wrapper">
<msg time="2024-10-06T19:27:35.316475" level="FAIL">TypeError: 'NoneType' object cannot be interpreted as an integer</msg>
<var>${status_code}</var>
<var>${op_running}</var>
<arg>${lib}</arg>
<arg>${Null}</arg>
<status status="FAIL" start="2024-10-06T19:27:35.316416" elapsed="0.000298">TypeError: 'NoneType' object cannot be interpreted as an integer</status>
</kw>
<kw name="Waitfor Hash Directory" owner="operations">
<arg>${lib}</arg>
<arg>${op_id}</arg>
<status status="NOT RUN" start="2024-10-06T19:27:35.316760" elapsed="0.000006"/>
</kw>
<kw name="Hash Stop" owner="wrapper">
<arg>${lib}</arg>
<arg>${op_id}</arg>
<status status="NOT RUN" start="2024-10-06T19:27:35.316803" elapsed="0.000005"/>
</kw>
<kw name="Hash Terminate" owner="wrapper">
<var>${result_terminate}</var>
<arg>${lib}</arg>
<status status="NOT RUN" start="2024-10-06T19:27:35.316845" elapsed="0.000006"/>
</kw>
<kw name="Should Be Equal As Numbers" owner="BuiltIn">
<arg>${status_code}</arg>
<arg>6</arg>
<doc>Fails if objects are unequal after converting them to real numbers.</doc>
<status status="NOT RUN" start="2024-10-06T19:27:35.316892" elapsed="0.000006"/>
</kw>
<doc>Test the status of a hashing operation with null argument.</doc>
<tag>Status</tag>
<status status="FAIL" start="2024-10-06T19:27:35.315743" elapsed="0.001211">TypeError: 'NoneType' object cannot be interpreted as an integer</status>
</test>
<test id="s1-s5-t4" name="Hash Status Not Initialized Library" line="49">
<kw name="Load Hash Library" owner="wrapper">
<msg time="2024-10-06T19:27:35.317204" level="INFO">Libray loaded successfully.</msg>
<msg time="2024-10-06T19:27:35.317222" level="INFO">${lib} = &lt;CDLL '/Users/petrparoubek/Projects/QA_test/bin/mac/libhash.dylib', handle 86a14150 at 0x1020b38f0&gt;</msg>
<var>${lib}</var>
<arg>${LIB_PATH}</arg>
<status status="PASS" start="2024-10-06T19:27:35.317135" elapsed="0.000093"/>
</kw>
<kw name="Hash Directory" owner="wrapper">
<msg time="2024-10-06T19:27:35.317323" level="INFO">HashDirectory Return code: HASH_ERROR_OK, Operation ID: 2.</msg>
<msg time="2024-10-06T19:27:35.317346" level="INFO">${result} = 0</msg>
<msg time="2024-10-06T19:27:35.317356" level="INFO">${op_id} = 2</msg>
<var>${result}</var>
<var>${op_id}</var>
<arg>${lib}</arg>
<arg>${DIRECTORY_PATH}</arg>
<status status="PASS" start="2024-10-06T19:27:35.317266" elapsed="0.000095"/>
</kw>
<kw name="Should Be Equal As Numbers" owner="BuiltIn">
<msg time="2024-10-06T19:27:35.317435" level="INFO">Argument types are:
&lt;class 'int'&gt;
&lt;class 'str'&gt;</msg>
<arg>${result}</arg>
<arg>0</arg>
<doc>Fails if objects are unequal after converting them to real numbers.</doc>
<status status="PASS" start="2024-10-06T19:27:35.317398" elapsed="0.000050"/>
</kw>
<kw name="Hash Status" owner="wrapper">
<msg time="2024-10-06T19:27:35.317534" level="INFO">${status_code} = 0</msg>
<msg time="2024-10-06T19:27:35.317544" level="INFO">${op_running} = True</msg>
<var>${status_code}</var>
<var>${op_running}</var>
<arg>${lib}</arg>
<arg>${op_id}</arg>
<status status="PASS" start="2024-10-06T19:27:35.317485" elapsed="0.000064"/>
</kw>
<kw name="Waitfor Hash Directory" owner="operations">
<msg time="2024-10-06T19:27:36.090474" level="INFO">HashDirectory has finished.</msg>
<arg>${lib}</arg>
<arg>${op_id}</arg>
<status status="PASS" start="2024-10-06T19:27:35.317588" elapsed="0.772935"/>
</kw>
<kw name="Hash Stop" owner="wrapper">
<msg time="2024-10-06T19:27:36.090735" level="INFO">HashStop Return code: HASH_ERROR_OK.</msg>
<arg>${lib}</arg>
<arg>${op_id}</arg>
<status status="PASS" start="2024-10-06T19:27:36.090630" elapsed="0.000118"/>
</kw>
<kw name="Hash Terminate" owner="wrapper">
<msg time="2024-10-06T19:27:36.090829" level="INFO">HashTerminate Return code: HASH_ERROR_OK.</msg>
<msg time="2024-10-06T19:27:36.090853" level="INFO">${result_terminate} = 0</msg>
<var>${result_terminate}</var>
<arg>${lib}</arg>
<status status="PASS" start="2024-10-06T19:27:36.090790" elapsed="0.000068"/>
</kw>
<kw name="Should Be Equal As Numbers" owner="BuiltIn">
<msg time="2024-10-06T19:27:36.090950" level="INFO">Argument types are:
&lt;class 'int'&gt;
&lt;class 'str'&gt;</msg>
<msg time="2024-10-06T19:27:36.090989" level="FAIL">0.0 != 7.0</msg>
<arg>${status_code}</arg>
<arg>7</arg>
<doc>Fails if objects are unequal after converting them to real numbers.</doc>
<status status="FAIL" start="2024-10-06T19:27:36.090897" elapsed="0.000117">0.0 != 7.0</status>
</kw>
<doc>Test the status of a hashing operation with no initialized library.</doc>
<tag>Status</tag>
<status status="FAIL" start="2024-10-06T19:27:35.317020" elapsed="0.774054">0.0 != 7.0</status>
</test>
<status status="FAIL" start="2024-10-06T19:27:33.766743" elapsed="2.324432"/>
</suite>
<suite id="s1-s6" name="Hash Stop" source="/Users/petrparoubek/Projects/HID_test/src/hash_stop.robot">
<test id="s1-s6-t1" name="Hash Stop Test" line="10">
<kw name="Load Hash Library" owner="wrapper">
<msg time="2024-10-06T19:27:36.092188" level="INFO">Libray loaded successfully.</msg>
<msg time="2024-10-06T19:27:36.092209" level="INFO">${lib} = &lt;CDLL '/Users/petrparoubek/Projects/QA_test/bin/mac/libhash.dylib', handle 86a14150 at 0x10206a090&gt;</msg>
<var>${lib}</var>
<arg>${LIB_PATH}</arg>
<status status="PASS" start="2024-10-06T19:27:36.092025" elapsed="0.000191"/>
</kw>
<kw name="Hash Init" owner="wrapper">
<msg time="2024-10-06T19:27:36.092287" level="INFO">HashInit Return code: HASH_ERROR_OK.</msg>
<msg time="2024-10-06T19:27:36.092304" level="INFO">${result_init} = 0</msg>
<var>${result_init}</var>
<arg>${lib}</arg>
<status status="PASS" start="2024-10-06T19:27:36.092253" elapsed="0.000056"/>
</kw>
<kw name="Hash Directory" owner="wrapper">
<msg time="2024-10-06T19:27:36.092411" level="INFO">HashDirectory Return code: HASH_ERROR_OK, Operation ID: 1.</msg>
<msg time="2024-10-06T19:27:36.092432" level="INFO">${result} = 0</msg>
<msg time="2024-10-06T19:27:36.092441" level="INFO">${op_id} = 1</msg>
<var>${result}</var>
<var>${op_id}</var>
<arg>${lib}</arg>
<arg>${DIRECTORY_PATH}</arg>
<status status="PASS" start="2024-10-06T19:27:36.092344" elapsed="0.000102"/>
</kw>
<kw name="Should Be Equal As Numbers" owner="BuiltIn">
<msg time="2024-10-06T19:27:36.092527" level="INFO">Argument types are:
&lt;class 'int'&gt;
&lt;class 'str'&gt;</msg>
<arg>${result}</arg>
<arg>0</arg>
<doc>Fails if objects are unequal after converting them to real numbers.</doc>
<status status="PASS" start="2024-10-06T19:27:36.092490" elapsed="0.000051"/>
</kw>
<kw name="Hash Status" owner="wrapper">
<msg time="2024-10-06T19:27:36.092625" level="INFO">${status_code} = 0</msg>
<msg time="2024-10-06T19:27:36.092635" level="INFO">${op_running} = True</msg>
<var>${status_code}</var>
<var>${op_running}</var>
<arg>${lib}</arg>
<arg>${op_id}</arg>
<status status="PASS" start="2024-10-06T19:27:36.092576" elapsed="0.000065"/>
</kw>
<kw name="Waitfor Hash Directory" owner="operations">
<msg time="2024-10-06T19:27:36.865250" level="INFO">HashDirectory has finished.</msg>
<arg>${lib}</arg>
<arg>${op_id}</arg>
<status status="PASS" start="2024-10-06T19:27:36.092674" elapsed="0.772609"/>
</kw>
<kw name="Hash Stop" owner="wrapper">
<msg time="2024-10-06T19:27:36.865458" level="INFO">HashStop Return code: HASH_ERROR_OK.</msg>
<arg>${lib}</arg>
<arg>${op_id}</arg>
<status status="PASS" start="2024-10-06T19:27:36.865372" elapsed="0.000097"/>
</kw>
<kw name="Hash Terminate" owner="wrapper">
<msg time="2024-10-06T19:27:36.865542" level="INFO">HashTerminate Return code: HASH_ERROR_OK.</msg>
<msg time="2024-10-06T19:27:36.865563" level="INFO">${result_terminate} = 0</msg>
<var>${result_terminate}</var>
<arg>${lib}</arg>
<status status="PASS" start="2024-10-06T19:27:36.865508" elapsed="0.000060"/>
</kw>
<kw name="Should Be Equal As Numbers" owner="BuiltIn">
<msg time="2024-10-06T19:27:36.865660" level="INFO">Argument types are:
&lt;class 'int'&gt;
&lt;class 'str'&gt;</msg>
<arg>${status_code}</arg>
<arg>0</arg>
<doc>Fails if objects are unequal after converting them to real numbers.</doc>
<status status="PASS" start="2024-10-06T19:27:36.865611" elapsed="0.000065"/>
</kw>
<doc>Test the stop function of a hashing operation.</doc>
<tag>Stop</tag>
<status status="PASS" start="2024-10-06T19:27:36.091922" elapsed="0.773812"/>
</test>
<test id="s1-s6-t2" name="Hash Stop Invalid Argument" line="23">
<kw name="Load Hash Library" owner="wrapper">
<msg time="2024-10-06T19:27:36.866050" level="INFO">Libray loaded successfully.</msg>
<msg time="2024-10-06T19:27:36.866073" level="INFO">${lib} = &lt;CDLL '/Users/petrparoubek/Projects/QA_test/bin/mac/libhash.dylib', handle 86a14150 at 0x10209fe30&gt;</msg>
<var>${lib}</var>
<arg>${LIB_PATH}</arg>
<status status="PASS" start="2024-10-06T19:27:36.865934" elapsed="0.000146"/>
</kw>
<kw name="Hash Init" owner="wrapper">
<msg time="2024-10-06T19:27:36.866151" level="INFO">HashInit Return code: HASH_ERROR_OK.</msg>
<msg time="2024-10-06T19:27:36.866167" level="INFO">${result_init} = 0</msg>
<var>${result_init}</var>
<arg>${lib}</arg>
<status status="PASS" start="2024-10-06T19:27:36.866116" elapsed="0.000056"/>
</kw>
<kw name="Hash Directory" owner="wrapper">
<msg time="2024-10-06T19:27:36.866270" level="INFO">HashDirectory Return code: HASH_ERROR_OK, Operation ID: 1.</msg>
<msg time="2024-10-06T19:27:36.866292" level="INFO">${result} = 0</msg>
<msg time="2024-10-06T19:27:36.866301" level="INFO">${op_id} = 1</msg>
<var>${result}</var>
<var>${op_id}</var>
<arg>${lib}</arg>
<arg>${DIRECTORY_PATH}</arg>
<status status="PASS" start="2024-10-06T19:27:36.866205" elapsed="0.000101"/>
</kw>
<kw name="Should Be Equal As Numbers" owner="BuiltIn">
<msg time="2024-10-06T19:27:36.866387" level="INFO">Argument types are:
&lt;class 'int'&gt;
&lt;class 'str'&gt;</msg>
<arg>${result}</arg>
<arg>0</arg>
<doc>Fails if objects are unequal after converting them to real numbers.</doc>
<status status="PASS" start="2024-10-06T19:27:36.866348" elapsed="0.000054"/>
</kw>
<kw name="Hash Status" owner="wrapper">
<msg time="2024-10-06T19:27:36.866489" level="INFO">${status_code} = 0</msg>
<msg time="2024-10-06T19:27:36.866501" level="INFO">${op_running} = True</msg>
<var>${status_code}</var>
<var>${op_running}</var>
<arg>${lib}</arg>
<arg>${op_id}</arg>
<status status="PASS" start="2024-10-06T19:27:36.866437" elapsed="0.000069"/>
</kw>
<kw name="Waitfor Hash Directory" owner="operations">
<msg time="2024-10-06T19:27:37.640037" level="INFO">HashDirectory has finished.</msg>
<arg>${lib}</arg>
<arg>${op_id}</arg>
<status status="PASS" start="2024-10-06T19:27:36.866541" elapsed="0.773546"/>
</kw>
<kw name="Hash Stop" owner="wrapper">
<msg time="2024-10-06T19:27:37.640453" level="FAIL">TypeError: 'str' object cannot be interpreted as an integer</msg>
<arg>${lib}</arg>
<arg>${Empty}</arg>
<status status="FAIL" start="2024-10-06T19:27:37.640196" elapsed="0.000367">TypeError: 'str' object cannot be interpreted as an integer</status>
</kw>
<kw name="Hash Terminate" owner="wrapper">
<var>${result_terminate}</var>
<arg>${lib}</arg>
<status status="NOT RUN" start="2024-10-06T19:27:37.640611" elapsed="0.000006"/>
</kw>
<kw name="Should Be Equal As Numbers" owner="BuiltIn">
<arg>${status_code}</arg>
<arg>0</arg>
<doc>Fails if objects are unequal after converting them to real numbers.</doc>
<status status="NOT RUN" start="2024-10-06T19:27:37.640658" elapsed="0.000005"/>
</kw>
<doc>Test the stop function of a hashing operation with invalid argument.</doc>
<tag>Stop</tag>
<status status="FAIL" start="2024-10-06T19:27:36.865802" elapsed="0.774926">TypeError: 'str' object cannot be interpreted as an integer</status>
</test>
<test id="s1-s6-t3" name="Hash Stop Not Initialized Library" line="36">
<kw name="Load Hash Library" owner="wrapper">
<msg time="2024-10-06T19:27:37.641044" level="INFO">Libray loaded successfully.</msg>
<msg time="2024-10-06T19:27:37.641065" level="INFO">${lib} = &lt;CDLL '/Users/petrparoubek/Projects/QA_test/bin/mac/libhash.dylib', handle 86a14150 at 0x1020b27e0&gt;</msg>
<var>${lib}</var>
<arg>${LIB_PATH}</arg>
<status status="PASS" start="2024-10-06T19:27:37.640932" elapsed="0.000139"/>
</kw>
<kw name="Hash Directory" owner="wrapper">
<msg time="2024-10-06T19:27:37.641184" level="INFO">HashDirectory Return code: HASH_ERROR_OK, Operation ID: 2.</msg>
<msg time="2024-10-06T19:27:37.641205" level="INFO">${result} = 0</msg>
<msg time="2024-10-06T19:27:37.641214" level="INFO">${op_id} = 2</msg>
<var>${result}</var>
<var>${op_id}</var>
<arg>${lib}</arg>
<arg>${DIRECTORY_PATH}</arg>
<status status="PASS" start="2024-10-06T19:27:37.641111" elapsed="0.000108"/>
</kw>
<kw name="Should Be Equal As Numbers" owner="BuiltIn">
<msg time="2024-10-06T19:27:37.641312" level="INFO">Argument types are:
&lt;class 'int'&gt;
&lt;class 'str'&gt;</msg>
<arg>${result}</arg>
<arg>0</arg>
<doc>Fails if objects are unequal after converting them to real numbers.</doc>
<status status="PASS" start="2024-10-06T19:27:37.641262" elapsed="0.000068"/>
</kw>
<kw name="Hash Status" owner="wrapper">
<msg time="2024-10-06T19:27:37.641412" level="INFO">${status_code} = 0</msg>
<msg time="2024-10-06T19:27:37.641422" level="INFO">${op_running} = True</msg>
<var>${status_code}</var>
<var>${op_running}</var>
<arg>${lib}</arg>
<arg>${op_id}</arg>
<status status="PASS" start="2024-10-06T19:27:37.641364" elapsed="0.000114"/>
</kw>
<kw name="Waitfor Hash Directory" owner="operations">
<msg time="2024-10-06T19:27:38.415890" level="INFO">HashDirectory has finished.</msg>
<arg>${lib}</arg>
<arg>${op_id}</arg>
<status status="PASS" start="2024-10-06T19:27:37.641514" elapsed="0.774418"/>
</kw>
<kw name="Hash Stop" owner="wrapper">
<msg time="2024-10-06T19:27:38.416134" level="INFO">HashStop Return code: HASH_ERROR_OK.</msg>
<arg>${lib}</arg>
<arg>${op_id}</arg>
<status status="PASS" start="2024-10-06T19:27:38.416039" elapsed="0.000106"/>
</kw>
<kw name="Hash Terminate" owner="wrapper">
<msg time="2024-10-06T19:27:38.416229" level="INFO">HashTerminate Return code: HASH_ERROR_OK.</msg>
<msg time="2024-10-06T19:27:38.416251" level="INFO">${result_terminate} = 0</msg>
<var>${result_terminate}</var>
<arg>${lib}</arg>
<status status="PASS" start="2024-10-06T19:27:38.416188" elapsed="0.000069"/>
</kw>
<kw name="Should Be Equal As Numbers" owner="BuiltIn">
<msg time="2024-10-06T19:27:38.416346" level="INFO">Argument types are:
&lt;class 'int'&gt;
&lt;class 'str'&gt;</msg>
<msg time="2024-10-06T19:27:38.416393" level="FAIL">0.0 != 7.0</msg>
<arg>${status_code}</arg>
<arg>7</arg>
<doc>Fails if objects are unequal after converting them to real numbers.</doc>
<status status="FAIL" start="2024-10-06T19:27:38.416296" elapsed="0.000125">0.0 != 7.0</status>
</kw>
<doc>Test the stop function of a hashing operation where is not initialized library.</doc>
<tag>Stop</tag>
<status status="FAIL" start="2024-10-06T19:27:37.640795" elapsed="0.775690">0.0 != 7.0</status>
</test>
<status status="FAIL" start="2024-10-06T19:27:36.091298" elapsed="2.325299"/>
</suite>
<suite id="s1-s7" name="Hash Terminate" source="/Users/petrparoubek/Projects/HID_test/src/hash_terminate.robot">
<test id="s1-s7-t1" name="Correct Hash Terminate" line="9">
<kw name="Load Hash Library" owner="wrapper">
<msg time="2024-10-06T19:27:38.417570" level="INFO">Libray loaded successfully.</msg>
<msg time="2024-10-06T19:27:38.417589" level="INFO">${lib} = &lt;CDLL '/Users/petrparoubek/Projects/QA_test/bin/mac/libhash.dylib', handle 86a14150 at 0x1020b1a60&gt;</msg>
<var>${lib}</var>
<arg>${LIB_PATH}</arg>
<status status="PASS" start="2024-10-06T19:27:38.417450" elapsed="0.000145"/>
</kw>
<kw name="Hash Init" owner="wrapper">
<msg time="2024-10-06T19:27:38.417662" level="INFO">HashInit Return code: HASH_ERROR_OK.</msg>
<msg time="2024-10-06T19:27:38.417677" level="INFO">${result} = 0</msg>
<var>${result}</var>
<arg>${lib}</arg>
<status status="PASS" start="2024-10-06T19:27:38.417628" elapsed="0.000054"/>
</kw>
<kw name="Hash Terminate" owner="wrapper">
<msg time="2024-10-06T19:27:38.417742" level="INFO">HashTerminate Return code: HASH_ERROR_OK.</msg>
<msg time="2024-10-06T19:27:38.417758" level="INFO">${result_terminate} = 0</msg>
<var>${result_terminate}</var>
<arg>${lib}</arg>
<status status="PASS" start="2024-10-06T19:27:38.417714" elapsed="0.000048"/>
</kw>
<kw name="Should Be Equal As Numbers" owner="BuiltIn">
<msg time="2024-10-06T19:27:38.417829" level="INFO">Argument types are:
&lt;class 'int'&gt;
&lt;class 'str'&gt;</msg>
<arg>${result_terminate}</arg>
<arg>0</arg>
<doc>Fails if objects are unequal after converting them to real numbers.</doc>
<status status="PASS" start="2024-10-06T19:27:38.417796" elapsed="0.000046"/>
</kw>
<doc>Test correct way to terminate initialized and working library.</doc>
<tag>Terminite</tag>
<status status="PASS" start="2024-10-06T19:27:38.417339" elapsed="0.000537"/>
</test>
<test id="s1-s7-t2" name="Call Termination For Already Terminated" line="17">
<kw name="Load Hash Library" owner="wrapper">
<msg time="2024-10-06T19:27:38.418174" level="INFO">Libray loaded successfully.</msg>
<msg time="2024-10-06T19:27:38.418192" level="INFO">${lib} = &lt;CDLL '/Users/petrparoubek/Projects/QA_test/bin/mac/libhash.dylib', handle 86a14150 at 0x1020b0d40&gt;</msg>
<var>${lib}</var>
<arg>${LIB_PATH}</arg>
<status status="PASS" start="2024-10-06T19:27:38.418016" elapsed="0.000182"/>
</kw>
<kw name="Hash Init" owner="wrapper">
<msg time="2024-10-06T19:27:38.418261" level="INFO">HashInit Return code: HASH_ERROR_OK.</msg>
<msg time="2024-10-06T19:27:38.418276" level="INFO">${result} = 0</msg>
<var>${result}</var>
<arg>${lib}</arg>
<status status="PASS" start="2024-10-06T19:27:38.418231" elapsed="0.000049"/>
</kw>
<kw name="Hash Terminate" owner="wrapper">
<msg time="2024-10-06T19:27:38.418339" level="INFO">HashTerminate Return code: HASH_ERROR_OK.</msg>
<msg time="2024-10-06T19:27:38.418353" level="INFO">${result} = 0</msg>
<var>${result}</var>
<arg>${lib}</arg>
<status status="PASS" start="2024-10-06T19:27:38.418310" elapsed="0.000047"/>
</kw>
<kw name="Hash Terminate" owner="wrapper">
<msg time="2024-10-06T19:27:38.418417" level="INFO">HashTerminate Return code: HASH_ERROR_NOT_INITIALIZED.</msg>
<msg time="2024-10-06T19:27:38.418432" level="INFO">${result} = 7</msg>
<var>${result}</var>
<arg>${lib}</arg>
<status status="PASS" start="2024-10-06T19:27:38.418388" elapsed="0.000048"/>
</kw>
<kw name="Should Be Equal As Numbers" owner="BuiltIn">
<msg time="2024-10-06T19:27:38.418498" level="INFO">Argument types are:
&lt;class 'int'&gt;
&lt;class 'str'&gt;</msg>
<arg>${result}</arg>
<arg>7</arg>
<doc>Fails if objects are unequal after converting them to real numbers.</doc>
<status status="PASS" start="2024-10-06T19:27:38.418468" elapsed="0.000042"/>
</kw>
<doc>Test terminate terminated library.</doc>
<tag>Terminite</tag>
<status status="PASS" start="2024-10-06T19:27:38.417925" elapsed="0.000619"/>
</test>
<test id="s1-s7-t3" name="Terminate Not Initialized" line="26">
<kw name="Load Hash Library" owner="wrapper">
<msg time="2024-10-06T19:27:38.418731" level="INFO">Libray loaded successfully.</msg>
<msg time="2024-10-06T19:27:38.418747" level="INFO">${lib} = &lt;CDLL '/Users/petrparoubek/Projects/QA_test/bin/mac/libhash.dylib', handle 86a14150 at 0x1020b2c90&gt;</msg>
<var>${lib}</var>
<arg>${LIB_PATH}</arg>
<status status="PASS" start="2024-10-06T19:27:38.418678" elapsed="0.000074"/>
</kw>
<kw name="Hash Terminate" owner="wrapper">
<msg time="2024-10-06T19:27:38.418813" level="INFO">HashTerminate Return code: HASH_ERROR_NOT_INITIALIZED.</msg>
<msg time="2024-10-06T19:27:38.418829" level="INFO">${result_terminate} = 7</msg>
<var>${result_terminate}</var>
<arg>${lib}</arg>
<status status="PASS" start="2024-10-06T19:27:38.418783" elapsed="0.000051"/>
</kw>
<kw name="Should Be Equal As Numbers" owner="BuiltIn">
<msg time="2024-10-06T19:27:38.418900" level="INFO">Argument types are:
&lt;class 'int'&gt;
&lt;class 'str'&gt;</msg>
<arg>${result_terminate}</arg>
<arg>7</arg>
<doc>Fails if objects are unequal after converting them to real numbers.</doc>
<status status="PASS" start="2024-10-06T19:27:38.418868" elapsed="0.000044"/>
</kw>
<doc>Test terminate on not initialized library.</doc>
<tag>Terminite</tag>
<status status="PASS" start="2024-10-06T19:27:38.418592" elapsed="0.000352"/>
</test>
<status status="PASS" start="2024-10-06T19:27:38.416708" elapsed="0.002306"/>
</suite>
<status status="FAIL" start="2024-10-06T19:27:26.521459" elapsed="11.897698"/>
</suite>
<statistics>
<total>
<stat pass="9" fail="11" skip="0">All Tests</stat>
</total>
<tag>
<stat pass="3" fail="1" skip="0">Directory</stat>
<stat pass="1" fail="1" skip="0">Init</stat>
<stat pass="0" fail="4" skip="0">Log Line</stat>
<stat pass="1" fail="3" skip="0">Status</stat>
<stat pass="1" fail="2" skip="0">Stop</stat>
<stat pass="3" fail="0" skip="0">Terminite</stat>
</tag>
<suite>
<stat pass="9" fail="11" skip="0" id="s1" name="Src">Src</stat>
<stat pass="2" fail="1" skip="0" id="s1-s1" name="Hash Directory">Src.Hash Directory</stat>
<stat pass="1" fail="0" skip="0" id="s1-s2" name="Hash Free">Src.Hash Free</stat>
<stat pass="1" fail="1" skip="0" id="s1-s3" name="Hash Init">Src.Hash Init</stat>
<stat pass="0" fail="4" skip="0" id="s1-s4" name="Hash Log Line">Src.Hash Log Line</stat>
<stat pass="1" fail="3" skip="0" id="s1-s5" name="Hash Status">Src.Hash Status</stat>
<stat pass="1" fail="2" skip="0" id="s1-s6" name="Hash Stop">Src.Hash Stop</stat>
<stat pass="3" fail="0" skip="0" id="s1-s7" name="Hash Terminate">Src.Hash Terminate</stat>
</suite>
</statistics>
<errors>
</errors>
</robot>
